<?xml version="1.0" encoding="UTF-8"?>
<!-- Generated by org.testng.reporters.JUnitReportReporter -->
<testsuite hostname="DESKTOP-EQ7KQL8" failures="0" tests="1" name="com.gmailSearch.SearchEmail" time="9.769" errors="0" timestamp="2022-04-23T21:14:40 IST" skipped="0">
  <testcase classname="com.gmailSearch.SearchEmail" name="EmailSearch" time="9.769"/>
  <system-out/>
</testsuite> <!-- com.gmailSearch.SearchEmail -->
